[debug] [2024-11-01T09:18:22.966Z] ----------------------------------------------------------------------
[debug] [2024-11-01T09:18:22.968Z] Command:       /nix/store/alik5i1lm5kfm61fh3pg221czk7pmv4g-nodejs-20.16.0/bin/node /home/runner/Pizza/.config/npm/node_global/bin/firebase login
[debug] [2024-11-01T09:18:22.968Z] CLI Version:   13.23.1
[debug] [2024-11-01T09:18:22.968Z] Platform:      linux
[debug] [2024-11-01T09:18:22.969Z] Node Version:  v20.16.0
[debug] [2024-11-01T09:18:22.969Z] Time:          Fri Nov 01 2024 09:18:22 GMT+0000 (Coordinated Universal Time)
[debug] [2024-11-01T09:18:22.969Z] ----------------------------------------------------------------------
[debug] 
[debug] [2024-11-01T09:18:22.971Z] >>> [apiv2][query] GET https://firebase-public.firebaseio.com/cli.json [none]
[info] i  Firebase optionally collects CLI and Emulator Suite usage and error reporting information to help improve our products. Data is collected in accordance with Google's privacy policy (https://policies.google.com/privacy) and is not used to identify you.
 
[debug] [2024-11-01T09:18:23.449Z] <<< [apiv2][status] GET https://firebase-public.firebaseio.com/cli.json 200
[debug] [2024-11-01T09:18:23.449Z] <<< [apiv2][body] GET https://firebase-public.firebaseio.com/cli.json {"cloudBuildErrorAfter":1594252800000,"cloudBuildWarnAfter":1590019200000,"defaultNode10After":1594252800000,"minVersion":"3.0.5","node8DeploysDisabledAfter":1613390400000,"node8RuntimeDisabledAfter":1615809600000,"node8WarnAfter":1600128000000}
[info] i  To change your data collection preference at any time, run `firebase logout` and log in again. 
[info] 
[info] Visit this URL on this device to log in:
[info] https://accounts.google.com/o/oauth2/auth?client_id=563584335869-fgrhgmd47bqnekij5i8b5pr03ho849e6.apps.googleusercontent.com&scope=email%20openid%20https%3A%2F%2Fwww.googleapis.com%2Fauth%2Fcloudplatformprojects.readonly%20https%3A%2F%2Fwww.googleapis.com%2Fauth%2Ffirebase%20https%3A%2F%2Fwww.googleapis.com%2Fauth%2Fcloud-platform&response_type=code&state=711366405&redirect_uri=http%3A%2F%2Flocalhost%3A9005
[info] 
[info] Waiting for authentication...
[debug] [2024-11-01T09:20:46.818Z] >>> [apiv2][query] POST https://auth.firebase.tools/attest [none]
[debug] [2024-11-01T09:20:46.819Z] >>> [apiv2][body] POST https://auth.firebase.tools/attest {"session_id":"09fdaa54-bbb5-4192-8f5d-4c7c825f528d"}
[debug] [2024-11-01T09:20:47.026Z] <<< [apiv2][status] POST https://auth.firebase.tools/attest 200
[debug] [2024-11-01T09:20:47.026Z] <<< [apiv2][body] POST https://auth.firebase.tools/attest {"token":"pW20KfT3R-rgjvR8VbtR2-IUk96L-d0fl2RkIsu7fpI"}
[info] 
[info] To sign in to the Firebase CLI:
[info] 
[info] 1. Take note of your session ID:
[info] 
[info]    09FDA
[info] 
[info] 2. Visit the URL below on any device and follow the instructions to get your code:
[info] 
[info]    https://auth.firebase.tools/login?code_challenge=yX1aq2BdFaW_4PzVTEKu-r7zFkO88s0f2iqLJDAA2Tw&session=09fdaa54-bbb5-4192-8f5d-4c7c825f528d&attest=pW20KfT3R-rgjvR8VbtR2-IUk96L-d0fl2RkIsu7fpI
[info] 
[info] 3. Paste or enter the authorization code below once you have it:
[info] 
